
ROM used:   1802/8192 (22%)
            1802/8192 (22%) including unused fragments

            1.5 Average locations per line
            15.4 Average locations per statement

RAM used:   27/368 (7%) at main() level
            50/368 (14%) worst case

Stack used: 1 worst case (0 in main + 1 for interrupts)
Stack size: 8

Lines Stmts  %   Files
----- ----- ---  -----
   57    33  28  main.c
   12     0   0  main.h
  661     0   0  ..\..\..\..\..\..\Program Files (x86)\PICC\Devices\16F877A.h
  456    84  72  ..\..\..\..\..\..\Program Files (x86)\PICC\Drivers\lcd.c
----- -----
 1186   117 Total

Page ROM  %  RAM   Vol Diff  Functions:
---- --- --- ---   --- ----  ----------
0     21   1    1             @delay_ms1
0      8   0    0             @const629
 Inline         3   596  5.9  lcd_read_byte
0      6   0    0    59  4.2  lcd_read_nibble
0     12   1    1   179  3.3  lcd_send_nibble
0     64   4    3   460  4.7  lcd_send_byte
0     69   4    2   667  5.9  lcd_init
0     18   1    4   208  6.3  lcd_gotoxy
0     50   3    1   354  4.7  lcd_putc
0     17   1    0    54  1.2  AD_isr
0    353  20    4   904  6.1  MAIN
0      4   0    0             @const666
0     75   4    4             @PSTRINGC7_647
0      7   0    0             @const668
0     31   2    2             @ITOF
0    202  11   14             @DIVFF
0    117   6   13             @MULFF
0    323  18   16             @ADDFF
0     63   3   10             @FLT
0      5   0    0             @const683
 Inline         5             @FTOSD
0     79   4   13             @DIV3232
0    224  12   13             @PRINTF_L32D_647FPFPF
0      5   0    0             @const693
 Inline         0             @cinit1

Program metrics:
    Functions               9
    Statements              117
    Comments                218
    Volume (V)              5322
    Difficulty (D)          39.0
    Effort to implement (E) 207570
    Time to implement (T)   3 hours, 12 minutes
    Est Delivered Bugs (B)  1
    Cyclomatic Complexity   10
    Maintainability (MI)    145

 Segment     Used  Free
-----------  ----  ----
00000-00003     4  0  
00004-00030    45  0  
00031-007FF  1753  246  
00800-00FFF     0  2048  
01000-017FF     0  2048  
01800-01FFF     0  2048  



